{
  "0 debug pnpm:scope": {
    "selected": 1
  },
  "1 debug pnpm:package-manifest": {
    "initial": {
      "name": "webpack_vue2_template",
      "version": "1.0.0",
      "description": "",
      "main": "index.js",
      "scripts": {
        "test": "echo \"Error: no test specified\" && exit 1"
      },
      "keywords": [],
      "author": "",
      "license": "ISC"
    },
    "prefix": "/Users/cyf/Desktop/projects/webpack_vue2_template"
  },
  "2 debug pnpm:context": {
    "currentLockfileExists": false,
    "storeDir": "/Users/cyf/.pnpm-store/v3",
    "virtualStoreDir": "/Users/cyf/Desktop/projects/webpack_vue2_template/node_modules/.pnpm"
  },
  "3 debug pnpm:stage": {
    "prefix": "/Users/cyf/Desktop/projects/webpack_vue2_template",
    "stage": "resolution_started"
  },
  "4 error pnpm": {
    "code": "ERR_PNPM_FETCH_404",
    "hint": "webapck-cli is not in the npm registry, or you have no permission to fetch it.\n\nNo authorization header was set for the request.",
    "request": {
      "url": "http://registry.npm.taobao.org/webapck-cli"
    },
    "response": {
      "size": 0
    },
    "pkgName": "webapck-cli",
    "pkgsStack": [],
    "err": {
      "name": "pnpm",
      "message": "GET http://registry.npm.taobao.org/webapck-cli: Not Found - 404",
      "code": "ERR_PNPM_FETCH_404",
      "stack": "pnpm: GET http://registry.npm.taobao.org/webapck-cli: Not Found - 404\n    at RetryOperation._fn (/Users/cyf/.nvm/versions/node/v16.14.0/lib/node_modules/pnpm/dist/pnpm.cjs:85721:19)\n    at processTicksAndRejections (node:internal/process/task_queues:96:5)"
    }
  }
}